<?xml version="1.0" encoding="UTF-8"?>
<!-- Generated by org.testng.reporters.JUnitXMLReporter -->
<testsuite hostname="DESKTOP-MC9GRJJ" ignored="0" name="Default test" tests="4" failures="0" timestamp="2020-12-29T16:53:20 IST" time="242.601" errors="0">
  <testcase name="TestCase" time="58.743" classname="com.tricentis.sampleapp.Test.LoginTest"/>
  <testcase name="TestCase" time="59.128" classname="com.tricentis.sampleapp.Test.LoginTest"/>
  <testcase name="TestCase" time="61.76" classname="com.tricentis.sampleapp.Test.LoginTest"/>
  <testcase name="TestCase" time="61.508" classname="com.tricentis.sampleapp.Test.LoginTest"/>
</testsuite> <!-- Default test -->
