<?xml version="1.0" encoding="UTF-8"?>
<!-- Generated by org.testng.reporters.JUnitXMLReporter -->
<testsuite hostname="DESKTOP-MC9GRJJ" ignored="0" name="Default test" tests="4" failures="0" timestamp="2020-12-29T04:38:26 IST" time="58.485" errors="0">
  <testcase name="TestCase_01" time="56.958" classname="com.tricentis.sampleapp.Test.LoginTest"/>
  <testcase name="TestCase_01" time="0.0" classname="com.tricentis.sampleapp.Test.LoginTest"/>
  <testcase name="TestCase_01" time="0.0" classname="com.tricentis.sampleapp.Test.LoginTest"/>
  <testcase name="TestCase_01" time="0.002" classname="com.tricentis.sampleapp.Test.LoginTest"/>
</testsuite> <!-- Default test -->
