<?xml version="1.0" encoding="UTF-8"?>
<testng-results skipped="0" failed="0" ignored="0" total="4" passed="4">
  <reporter-output>
  </reporter-output>
  <suite name="Default suite" duration-ms="242601" started-at="2020-12-29T16:49:18 IST" finished-at="2020-12-29T16:53:20 IST">
    <groups>
    </groups>
    <test name="Default test" duration-ms="242601" started-at="2020-12-29T16:49:18 IST" finished-at="2020-12-29T16:53:20 IST">
      <class name="com.tricentis.sampleapp.Test.LoginTest">
        <test-method status="PASS" signature="TestCase(java.lang.String, java.lang.String)[pri:0, instance:com.tricentis.sampleapp.Test.LoginTest@e874448]" name="TestCase" duration-ms="58743" started-at="2020-12-29T16:49:19 IST" data-provider="TestSuiteSheet" finished-at="2020-12-29T16:50:18 IST">
          <params>
            <param index="0">
              <value>
                <![CDATA[TC01]]>
              </value>
            </param>
            <param index="1">
              <value>
                <![CDATA[Yes]]>
              </value>
            </param>
          </params>
          <reporter-output>
          </reporter-output>
        </test-method> <!-- TestCase -->
        <test-method status="PASS" signature="TestCase(java.lang.String, java.lang.String)[pri:0, instance:com.tricentis.sampleapp.Test.LoginTest@e874448]" name="TestCase" duration-ms="59128" started-at="2020-12-29T16:50:18 IST" data-provider="TestSuiteSheet" finished-at="2020-12-29T16:51:17 IST">
          <params>
            <param index="0">
              <value>
                <![CDATA[TC02]]>
              </value>
            </param>
            <param index="1">
              <value>
                <![CDATA[Yes]]>
              </value>
            </param>
          </params>
          <reporter-output>
          </reporter-output>
        </test-method> <!-- TestCase -->
        <test-method status="PASS" signature="TestCase(java.lang.String, java.lang.String)[pri:0, instance:com.tricentis.sampleapp.Test.LoginTest@e874448]" name="TestCase" duration-ms="61760" started-at="2020-12-29T16:51:17 IST" data-provider="TestSuiteSheet" finished-at="2020-12-29T16:52:19 IST">
          <params>
            <param index="0">
              <value>
                <![CDATA[TC03]]>
              </value>
            </param>
            <param index="1">
              <value>
                <![CDATA[Yes]]>
              </value>
            </param>
          </params>
          <reporter-output>
          </reporter-output>
        </test-method> <!-- TestCase -->
        <test-method status="PASS" signature="TestCase(java.lang.String, java.lang.String)[pri:0, instance:com.tricentis.sampleapp.Test.LoginTest@e874448]" name="TestCase" duration-ms="61508" started-at="2020-12-29T16:52:19 IST" data-provider="TestSuiteSheet" finished-at="2020-12-29T16:53:20 IST">
          <params>
            <param index="0">
              <value>
                <![CDATA[TC04]]>
              </value>
            </param>
            <param index="1">
              <value>
                <![CDATA[Yes]]>
              </value>
            </param>
          </params>
          <reporter-output>
          </reporter-output>
        </test-method> <!-- TestCase -->
      </class> <!-- com.tricentis.sampleapp.Test.LoginTest -->
    </test> <!-- Default test -->
  </suite> <!-- Default suite -->
</testng-results>
